{
  "stats": {
    "suites": 2,
    "tests": 2,
    "passes": 2,
    "pending": 0,
    "failures": 0,
    "start": "2025-01-06T15:40:32.169Z",
    "end": "2025-01-06T15:40:54.553Z",
    "duration": 22384,
    "testsRegistered": 2,
    "passPercent": 100,
    "pendingPercent": 0,
    "other": 0,
    "hasOther": false,
    "skipped": 0,
    "hasSkipped": false
  },
  "results": [
    {
      "uuid": "ae62a8f9-2f14-482d-beba-637108ad08bd",
      "title": "",
      "fullFile": "cypress/integration/PagMenosCupom.spec.js",
      "file": "cypress/integration/PagMenosCupom.spec.js",
      "beforeHooks": [],
      "afterHooks": [],
      "tests": [],
      "suites": [
        {
          "uuid": "0f615256-efea-4314-9bbe-4f5c7b59cf83",
          "title": "Criação de usuário PagMenos",
          "fullFile": "",
          "file": "",
          "beforeHooks": [],
          "afterHooks": [],
          "tests": [
            {
              "title": "Inscreve Participante",
              "fullTitle": "Criação de usuário PagMenos Inscreve Participante",
              "timedOut": null,
              "duration": 16812,
              "state": "passed",
              "speed": "slow",
              "pass": true,
              "fail": false,
              "pending": false,
              "context": null,
              "code": "cy.log('Inscreve corretamente o participante');\ncy.get('body > div.enc--wrapper > div.info-cookies > div > div > div > div:nth-child(2) > div > button').click();\ncy.get('#nav-collapse > ul > div > div > ul > li > a').click();\ncy.get('#novo_cpf').type(_variables.randomCPF, {\n  force: true\n}); //preenche cpf corretamente\ncy.get('[type=\"submit\"]').contains('Enviar').click({\n  force: true\n}); //clica em enviar\ncy.wait(500);\ncy.get('#part_nome').type('Cleber Cypress', {\n  force: true\n}); //escreve nome\n//cy.get('#part_sobrenome').type('Test', {force:true})//escreve sobrenome\ncy.get('#part_data_nascimento').type('12041992', {\n  force: true\n});\ncy.get('#vs1__combobox > div.vs__selected-options > input').click({\n  force: true\n}); //Seleciona Campo Gênero\ncy.get('#vs1__option-0').click({\n  force: true\n}); //Seleciona Gênero Masculino\ncy.get('#part_telefone1').type(_variables.randomPhone, {\n  force: true\n});\ncy.get('#email').type(_variables.email, {\n  force: true\n}); //escreve email correto\ncy.get('#email_confirmation').type(_variables.email, {\n  force: true\n}); //escreve email de confirmação\ncy.get('#part_cep').type('41245-075', {\n  force: true\n}); //escreve cep\ncy.contains('button', 'Buscar').click({\n  force: true\n}); //clica em buscar cep\nCypress.on('uncaught:exception', (err, runnable) => {\n  // returning false here prevents Cypress from\n  // failing the test\n  return false;\n});\ncy.wait(3000);\ncy.get('#part_numero').type('100', {\n  force: true\n}); //escreve número da casa\ncy.get('#password').type('Senha123', {\n  force: true\n}); //digita senha \ncy.get('#password_confirmation').type('Senha123', {\n  force: true\n}); //digita confirmação senha\ncy.wait(500);\ncy.get('#part_regulamento').check({\n  force: true\n}); //aceite de termos\n//cy.get('#part_regulamento_promocao').check({force:true})//aceite política de privacidade\n//cy.get('#part_como_ficou_sabendo > div:nth-child(5) > label').click({force:true})//clica no ícone de como ficou sabendo, opção Google\ncy.get('[type=\"submit\"]').contains('Enviar').click({\n  force: true\n}); //clica em enviar\n//cy.wait(10000)",
              "err": {},
              "uuid": "7b5afd54-327d-4cae-be30-10233fced5d0",
              "parentUUID": "0f615256-efea-4314-9bbe-4f5c7b59cf83",
              "isHook": false,
              "skipped": false
            }
          ],
          "suites": [],
          "passes": [
            "7b5afd54-327d-4cae-be30-10233fced5d0"
          ],
          "failures": [],
          "pending": [],
          "skipped": [],
          "duration": 16812,
          "root": false,
          "rootEmpty": false,
          "_timeout": 2000
        },
        {
          "uuid": "2996059d-7773-477f-91f4-314667f3c665",
          "title": "Teste PagMenos",
          "fullFile": "",
          "file": "",
          "beforeHooks": [],
          "afterHooks": [],
          "tests": [
            {
              "title": "Inscreve Cupom corretamente",
              "fullTitle": "Teste PagMenos Inscreve Cupom corretamente",
              "timedOut": null,
              "duration": 4644,
              "state": "passed",
              "speed": "fast",
              "pass": true,
              "fail": false,
              "pending": false,
              "context": null,
              "code": "cy.get('body > div.enc--wrapper > div.page--cupom-sucesso.page-internas > div > div.row.row-btn > button').click({\n  force: true\n}); //clica em cadastrar cupom\n// cy.get('#novo_cpf').type(cpfCadastrado)//insere cpf válido\n// cy.get('[type=\"submit\"]').contains('Enviar').click({force:true})//clica em enviar\n// cy.wait(1000)\n// cy.get('#text-password').clear().type('Senha123', {force:true})//digita senha correta\n// cy.get('#page--login > div > div > div > div > div > form > div.login-footer.d-flex.align-items-center.justify-content-center.flex-column > button').click({force:true})//clica em enviar\ncy.get('#cupo_cnpj').type('06.626.253/0144-54', {\n  force: true\n}); //escreve cnpj válido\ncy.get('#cupo_codigo').type(_variables.randomCupom, {\n  force: true\n}); //escreve valor válido no cupom\ncy.get('body > div.enc--wrapper > div.page--cadastro-cupom.page-internas > div > form > div > div:nth-child(2) > div:nth-child(3) > div > div > div:nth-child(1) > input').click({\n  force: true\n});\ncy.get('.cell.day.today').click({\n  force: true\n}); //escolhe data do dia atual no calendario\ncy.get('#vs4__combobox > div.vs__selected-options > input').click({\n  force: true\n}); //habilita seleção de categoria\ncy.get('#vs4__option-4').click({\n  force: true\n}); //seleciona produto\ncy.wait(1000);\ncy.get('#vs5__combobox > div.vs__selected-options > input').click({\n  force: true\n}); //seleciona campo de produto\ncy.get('#vs5__option-1').click({\n  force: true\n}); //seleciona variação de produto\ncy.get('#cuit_quantidade0').type('1', {\n  force: true\n}); //preenche corretamente a quantidade de produtos\ncy.get('#cuit_valor0').type('25,00', {\n  force: true\n}); //preenche corretamente o valor do produto\ncy.get('input[type=\"file\"]#fileInput').selectFile('Nota Fiscal.jpg', {\n  force: true\n}); //insere imagem do cupom\ncy.wait(1000);\ncy.get('body > div.enc--wrapper > div.page--cadastro-cupom.page-internas > div > form > div > div:nth-child(6) > div > button').click({\n  force: true\n}); //clica em finalizar",
              "err": {},
              "uuid": "2636f732-2685-40cf-b297-7ec8e21aca69",
              "parentUUID": "2996059d-7773-477f-91f4-314667f3c665",
              "isHook": false,
              "skipped": false
            }
          ],
          "suites": [],
          "passes": [
            "2636f732-2685-40cf-b297-7ec8e21aca69"
          ],
          "failures": [],
          "pending": [],
          "skipped": [],
          "duration": 4644,
          "root": false,
          "rootEmpty": false,
          "_timeout": 2000
        }
      ],
      "passes": [],
      "failures": [],
      "pending": [],
      "skipped": [],
      "duration": 0,
      "root": true,
      "rootEmpty": true,
      "_timeout": 2000
    }
  ],
  "meta": {
    "mocha": {
      "version": "7.0.1"
    },
    "mochawesome": {
      "options": {
        "quiet": false,
        "reportFilename": "mochawesome",
        "saveHtml": false,
        "saveJson": true,
        "consoleReporter": "spec",
        "useInlineDiffs": false,
        "code": true
      },
      "version": "7.1.3"
    },
    "marge": {
      "options": {
        "reportDir": "cypress\\reports\\.jsons",
        "overwrite": false,
        "html": false,
        "json": true
      },
      "version": "6.2.0"
    }
  }
}