{
  "stats": {
    "suites": 1,
    "tests": 1,
    "passes": 1,
    "pending": 0,
    "failures": 0,
    "start": "2025-01-06T15:40:10.573Z",
    "end": "2025-01-06T15:40:28.237Z",
    "duration": 17664,
    "testsRegistered": 1,
    "passPercent": 100,
    "pendingPercent": 0,
    "other": 0,
    "hasOther": false,
    "skipped": 0,
    "hasSkipped": false
  },
  "results": [
    {
      "uuid": "4e905d23-fa19-48aa-b6f1-d47240d060a8",
      "title": "",
      "fullFile": "cypress/integration/PagMenosCriaçãoDeUsuario.spec.js",
      "file": "cypress/integration/PagMenosCriaçãoDeUsuario.spec.js",
      "beforeHooks": [],
      "afterHooks": [],
      "tests": [],
      "suites": [
        {
          "uuid": "a262b6d2-fcdf-4e28-b8dd-c9bb44a2196e",
          "title": "Criação de usuário PagMenos",
          "fullFile": "",
          "file": "",
          "beforeHooks": [],
          "afterHooks": [],
          "tests": [
            {
              "title": "Inscreve Participante",
              "fullTitle": "Criação de usuário PagMenos Inscreve Participante",
              "timedOut": null,
              "duration": 16447,
              "state": "passed",
              "speed": "slow",
              "pass": true,
              "fail": false,
              "pending": false,
              "context": null,
              "code": "cy.log('Inscreve corretamente o participante');\ncy.get('body > div.enc--wrapper > div.info-cookies > div > div > div > div:nth-child(2) > div > button').click();\ncy.get('#nav-collapse > ul > div > div > ul > li > a').click();\ncy.get('#novo_cpf').type(_variables.randomCPF, {\n  force: true\n}); //preenche cpf corretamente\ncy.get('[type=\"submit\"]').contains('Enviar').click({\n  force: true\n}); //clica em enviar\ncy.wait(500);\ncy.get('#part_nome').type('Cleber Cypress', {\n  force: true\n}); //escreve nome\n//cy.get('#part_sobrenome').type('Test', {force:true})//escreve sobrenome\ncy.get('#part_data_nascimento').type('12041992', {\n  force: true\n});\ncy.get('#vs1__combobox > div.vs__selected-options > input').click({\n  force: true\n}); //Seleciona Campo Gênero\ncy.get('#vs1__option-0').click({\n  force: true\n}); //Seleciona Gênero Masculino\ncy.get('#part_telefone1').type(_variables.randomPhone, {\n  force: true\n});\ncy.get('#email').type(_variables.email, {\n  force: true\n}); //escreve email correto\ncy.get('#email_confirmation').type(_variables.email, {\n  force: true\n}); //escreve email de confirmação\ncy.get('#part_cep').type('41245-075', {\n  force: true\n}); //escreve cep\ncy.contains('button', 'Buscar').click({\n  force: true\n}); //clica em buscar cep\nCypress.on('uncaught:exception', (err, runnable) => {\n  // returning false here prevents Cypress from\n  // failing the test\n  return false;\n});\ncy.wait(3000);\ncy.get('#part_numero').type('100', {\n  force: true\n}); //escreve número da casa\ncy.get('#password').type('Senha123', {\n  force: true\n}); //digita senha \ncy.get('#password_confirmation').type('Senha123', {\n  force: true\n}); //digita confirmação senha\ncy.wait(500);\ncy.get('#part_regulamento').check({\n  force: true\n}); //aceite de termos\n//cy.get('#part_regulamento_promocao').check({force:true})//aceite política de privacidade\n//cy.get('#part_como_ficou_sabendo > div:nth-child(5) > label').click({force:true})//clica no ícone de como ficou sabendo, opção Google\ncy.get('[type=\"submit\"]').contains('Enviar').click({\n  force: true\n}); //clica em enviar\n//cy.wait(10000)",
              "err": {},
              "uuid": "c6d6d1b0-768e-4e9c-9962-e907fca69dca",
              "parentUUID": "a262b6d2-fcdf-4e28-b8dd-c9bb44a2196e",
              "isHook": false,
              "skipped": false
            }
          ],
          "suites": [],
          "passes": [
            "c6d6d1b0-768e-4e9c-9962-e907fca69dca"
          ],
          "failures": [],
          "pending": [],
          "skipped": [],
          "duration": 16447,
          "root": false,
          "rootEmpty": false,
          "_timeout": 2000
        }
      ],
      "passes": [],
      "failures": [],
      "pending": [],
      "skipped": [],
      "duration": 0,
      "root": true,
      "rootEmpty": true,
      "_timeout": 2000
    }
  ],
  "meta": {
    "mocha": {
      "version": "7.0.1"
    },
    "mochawesome": {
      "options": {
        "quiet": false,
        "reportFilename": "mochawesome",
        "saveHtml": false,
        "saveJson": true,
        "consoleReporter": "spec",
        "useInlineDiffs": false,
        "code": true
      },
      "version": "7.1.3"
    },
    "marge": {
      "options": {
        "reportDir": "cypress\\reports\\.jsons",
        "overwrite": false,
        "html": false,
        "json": true
      },
      "version": "6.2.0"
    }
  }
}