{
  "stats": {
    "suites": 2,
    "tests": 4,
    "passes": 1,
    "pending": 0,
    "failures": 3,
    "start": "2025-01-06T15:46:57.408Z",
    "end": "2025-01-06T15:47:37.624Z",
    "duration": 40216,
    "testsRegistered": 4,
    "passPercent": 25,
    "pendingPercent": 0,
    "other": 0,
    "hasOther": false,
    "skipped": 0,
    "hasSkipped": false
  },
  "results": [
    {
      "uuid": "5de3a9e9-0e68-4754-95b9-acb4cb3b0a67",
      "title": "",
      "fullFile": "cypress/integration/PagMenosCupom.spec.js",
      "file": "cypress/integration/PagMenosCupom.spec.js",
      "beforeHooks": [],
      "afterHooks": [],
      "tests": [],
      "suites": [
        {
          "uuid": "67ecf30b-6322-4b7d-961e-f6641f8badad",
          "title": "Criação de usuário PagMenos",
          "fullFile": "",
          "file": "",
          "beforeHooks": [],
          "afterHooks": [],
          "tests": [
            {
              "title": "Valida se o form aceita campos preenchidos em formato inválido, e se retorna mensagens de erro",
              "fullTitle": "Criação de usuário PagMenos Valida se o form aceita campos preenchidos em formato inválido, e se retorna mensagens de erro",
              "timedOut": null,
              "duration": 13765,
              "state": "failed",
              "speed": null,
              "pass": false,
              "fail": true,
              "pending": false,
              "context": null,
              "code": "cy.log('Valida se o form aceita campos preenchidos em formato inválido, e se retorna mensagens de erro');\ncy.get('body > div.enc--wrapper > div.info-cookies > div > div > div > div:nth-child(2) > div > button').click();\ncy.get('#nav-collapse > ul > div > div > ul > li > a').click();\ncy.get('#novo_cpf').type('srgtewrgt'); //preenche cpf errado\ncy.get('#input-cpf-live-feedback > span').should('be.visible').contains('O campo CPF é obrigatório'); //verifica msg de erro\ncy.get('#novo_cpf').type(_variables.randomCPF); //insere cpf válido\ncy.get('[type=\"submit\"]').contains('Enviar').click({\n  force: true\n}); //clica em enviar\ncy.wait(500);\ncy.get('#part_cpf').clear(); //apaga campo de cpf\ncy.get('[class=\"error-form invalid-feedback\"]').should('be.visible'); //valida se aparece msg de erro no preenchimento\ncy.get('#part_cpf').type('abcdefg', {\n  force: true\n}); //escreve string no cpf\ncy.get('[class=\"error-form invalid-feedback\"]').should('be.visible'); //valida se aparece msg de erro no preenchimento\ncy.get('#part_nome').type('@@@', {\n  force: true\n}).clear().type('12345', {\n  force: true\n});\ncy.get('[class=\"error-form invalid-feedback\"]').should('be.visible'); //valida se aparece msg de erro no preenchimento\ncy.get('#part_sobrenome').type('@@@', {\n  force: true\n}).clear().type('12345', {\n  force: true\n});\ncy.get('[class=\"error-form invalid-feedback\"]').should('be.visible'); //valida se aparece msg de erro no preenchimento\ncy.get('#part_data_nascimento').type('@@@', {\n  force: true\n}).clear().type('acbkh', {\n  force: true\n}).clear().type('01011000', {\n  force: true\n}).clear().type('31313500', {\n  force: true\n}); //escreve datas de nascimento inválidas\ncy.get('[class=\"error-form invalid-feedback\"]').should('be.visible'); //valida se aparece msg de erro no preenchimento\ncy.get('#part_telefone1').type('@@@', {\n  force: true\n}).clear().type('asdcgg', {\n  force: true\n});\ncy.get('[class=\"error-form invalid-feedback\"]').should('be.visible'); //valida se aparece msg de erro no preenchimento\ncy.get('#email').type('@@@', {\n  force: true\n}).clear().type('12345', {\n  force: true\n}).clear().type('cleber.com@email', {\n  force: true\n});\ncy.get('[class=\"error-form invalid-feedback\"]').should('be.visible'); //valida se aparece msg de erro no preenchimento\ncy.get('#email_confirmation').type('@@@', {\n  force: true\n}).clear().type('12345', {\n  force: true\n}).clear().type('cleber.com@email', {\n  force: true\n});\ncy.get('[class=\"error-form invalid-feedback\"]').should('be.visible'); //valida se aparece msg de erro no preenchimento\ncy.get('#part_cep').type('wergaefgaeg', {\n  force: true\n}); //escreve cep inválido com strings\ncy.get('[class=\"error-form invalid-feedback\"]').should('be.visible'); //valida se aparece msg de erro no preenchimento\ncy.get('#part_cep').type('99999999', {\n  force: true\n}); //escreve cep inválido somente com 9999\ncy.contains('button', 'Buscar').click(); //clica em buscar cep\ncy.get('#page--cadastro > div > div.wrapper-cadastro-body.mt-4 > form > div:nth-child(3) > div:nth-child(1) > div > div > div.error-form.error-back').should('be.visible'); //valida se aparece msg de erro no preenchimento\ncy.wait(500);\ncy.get('#part_endereco').clear({\n  force: true\n}).type('@@@@', {\n  force: true\n}); //escreve nome de rua inválido\ncy.get('#part_numero').type('asdfghj', {\n  force: true\n}); //escreve número inválido com strings\ncy.get('[class=\"error-form invalid-feedback\"]').should('be.visible'); //valida se aparece msg de erro no preenchimento\ncy.get('#password').type('asdfghj', {\n  force: true\n}); //digita senha fora do padrão\ncy.get('[class=\"error-form invalid-feedback\"]').should('be.visible'); //valida se aparece msg de erro no preenchimento\ncy.get('#password_confirmation').type('1223456', {\n  force: true\n}); //digita senha fora do padrão\ncy.get('[class=\"error-form invalid-feedback\"]').should('be.visible'); //valida se aparece msg de erro no preenchimento\ncy.wait(500);\ncy.get('#part_regulamento').check({\n  force: true\n}); //aceite de termos\ncy.get('[type=\"submit\"]').contains('Enviar').click({\n  force: true\n}); //clica em enviar\n// cy.wait(10000)",
              "err": {
                "message": "CypressError: Timed out retrying after 4000ms: `cy.type()` failed because this element:\n\n`<input data-v-a35b61ec=\"\" id=\"novo_cpf\" name=\"novo_cpf\" type=\"text\" placeholder=\"*CPF\" autocomplete=\"off\" class=\"form-control is-valid\" aria-describedby=\"input-cpf-new-feedback\" data-vv-as=\"CPF\">`\n\nis being covered by another element:\n\n`<li data-v-ddfa5fc8=\"\" class=\"nav-item\">...</li>`\n\nFix this problem, or use {force: true} to disable error checking.\n\nhttps://on.cypress.io/element-cannot-be-interacted-with",
                "estack": "CypressError: Timed out retrying after 4000ms: `cy.type()` failed because this element:\n\n`<input data-v-a35b61ec=\"\" id=\"novo_cpf\" name=\"novo_cpf\" type=\"text\" placeholder=\"*CPF\" autocomplete=\"off\" class=\"form-control is-valid\" aria-describedby=\"input-cpf-new-feedback\" data-vv-as=\"CPF\">`\n\nis being covered by another element:\n\n`<li data-v-ddfa5fc8=\"\" class=\"nav-item\">...</li>`\n\nFix this problem, or use {force: true} to disable error checking.\n\nhttps://on.cypress.io/element-cannot-be-interacted-with\n    at $Cy.ensureDescendents (https://homologd.encinterativa.com.br/__cypress/runner/cypress_runner.js:164036:78)\n    at ensureDescendents (https://homologd.encinterativa.com.br/__cypress/runner/cypress_runner.js:150250:8)\n    at ensureDescendentsAndScroll (https://homologd.encinterativa.com.br/__cypress/runner/cypress_runner.js:150257:14)\n    at ensureElIsNotCovered (https://homologd.encinterativa.com.br/__cypress/runner/cypress_runner.js:150389:5)\n    at runAllChecks (https://homologd.encinterativa.com.br/__cypress/runner/cypress_runner.js:150579:52)\n    at retryActionability (https://homologd.encinterativa.com.br/__cypress/runner/cypress_runner.js:150603:16)\n    at tryCatcher (https://homologd.encinterativa.com.br/__cypress/runner/cypress_runner.js:13022:23)\n    at Function.Promise.attempt.Promise.try (https://homologd.encinterativa.com.br/__cypress/runner/cypress_runner.js:10296:29)\n    at whenStable (https://homologd.encinterativa.com.br/__cypress/runner/cypress_runner.js:168760:63)\n    at https://homologd.encinterativa.com.br/__cypress/runner/cypress_runner.js:168257:14\n    at tryCatcher (https://homologd.encinterativa.com.br/__cypress/runner/cypress_runner.js:13022:23)\n    at Promise._settlePromiseFromHandler (https://homologd.encinterativa.com.br/__cypress/runner/cypress_runner.js:10957:31)\n    at Promise._settlePromise (https://homologd.encinterativa.com.br/__cypress/runner/cypress_runner.js:11014:18)\n    at Promise._settlePromise0 (https://homologd.encinterativa.com.br/__cypress/runner/cypress_runner.js:11059:10)\n    at Promise._settlePromises (https://homologd.encinterativa.com.br/__cypress/runner/cypress_runner.js:11139:18)\n    at Promise._fulfill (https://homologd.encinterativa.com.br/__cypress/runner/cypress_runner.js:11083:18)\nFrom Your Spec Code:\n    at Context.eval (https://homologd.encinterativa.com.br/__cypress/tests?p=cypress\\integration\\PagMenosCupom.spec.js:115:25)",
                "diff": null
              },
              "uuid": "62635fb6-51c0-46bc-8871-898fffcee28b",
              "parentUUID": "67ecf30b-6322-4b7d-961e-f6641f8badad",
              "isHook": false,
              "skipped": false
            },
            {
              "title": "Inscreve corretamente o participante",
              "fullTitle": "Criação de usuário PagMenos Inscreve corretamente o participante",
              "timedOut": null,
              "duration": 16859,
              "state": "passed",
              "speed": "slow",
              "pass": true,
              "fail": false,
              "pending": false,
              "context": null,
              "code": "cy.get('body > div.enc--wrapper > div.info-cookies > div > div > div > div:nth-child(2) > div > button').click();\ncy.get('#nav-collapse > ul > div > div > ul > li > a').click();\ncy.get('#novo_cpf').type(_variables.randomCPF, {\n  force: true\n}); //preenche cpf corretamente\ncy.get('[type=\"submit\"]').contains('Enviar').click({\n  force: true\n}); //clica em enviar\ncy.wait(500);\ncy.get('#part_nome').type('Cleber Cypress', {\n  force: true\n}); //escreve nome\n//cy.get('#part_sobrenome').type('Test', {force:true})//escreve sobrenome\ncy.get('#part_data_nascimento').type('12041992', {\n  force: true\n});\ncy.get('#vs1__combobox > div.vs__selected-options > input').click({\n  force: true\n}); //Seleciona Campo Gênero\ncy.get('#vs1__option-0').click({\n  force: true\n}); //Seleciona Gênero Masculino\ncy.get('#part_telefone1').type(_variables.randomPhone, {\n  force: true\n});\ncy.get('#email').type(_variables.email, {\n  force: true\n}); //escreve email correto\ncy.get('#email_confirmation').type(_variables.email, {\n  force: true\n}); //escreve email de confirmação\ncy.get('#part_cep').type('41245-075', {\n  force: true\n}); //escreve cep\ncy.contains('button', 'Buscar').click({\n  force: true\n}); //clica em buscar cep\nCypress.on('uncaught:exception', (err, runnable) => {\n  // returning false here prevents Cypress from\n  // failing the test\n  return false;\n});\ncy.wait(3000);\ncy.get('#part_numero').type('100', {\n  force: true\n}); //escreve número da casa\ncy.get('#password').type('Senha123', {\n  force: true\n}); //digita senha \ncy.get('#password_confirmation').type('Senha123', {\n  force: true\n}); //digita confirmação senha\ncy.wait(500);\ncy.get('#part_regulamento').check({\n  force: true\n}); //aceite de termos\n//cy.get('#part_regulamento_promocao').check({force:true})//aceite política de privacidade\n//cy.get('#part_como_ficou_sabendo > div:nth-child(5) > label').click({force:true})//clica no ícone de como ficou sabendo, opção Google\ncy.get('[type=\"submit\"]').contains('Enviar').click({\n  force: true\n}); //clica em enviar\n//cy.wait(10000)",
              "err": {},
              "uuid": "229e97e4-ebd4-4199-aac0-7b45db253a08",
              "parentUUID": "67ecf30b-6322-4b7d-961e-f6641f8badad",
              "isHook": false,
              "skipped": false
            }
          ],
          "suites": [],
          "passes": [
            "229e97e4-ebd4-4199-aac0-7b45db253a08"
          ],
          "failures": [
            "62635fb6-51c0-46bc-8871-898fffcee28b"
          ],
          "pending": [],
          "skipped": [],
          "duration": 30624,
          "root": false,
          "rootEmpty": false,
          "_timeout": 2000
        },
        {
          "uuid": "c9284bd2-e9ab-4ea2-bd65-d49fb89fe021",
          "title": "Teste PagMenos",
          "fullFile": "",
          "file": "",
          "beforeHooks": [],
          "afterHooks": [],
          "tests": [
            {
              "title": "Inscreve cupom com dados errados e valida msg de erro",
              "fullTitle": "Teste PagMenos Inscreve cupom com dados errados e valida msg de erro",
              "timedOut": null,
              "duration": 4325,
              "state": "failed",
              "speed": null,
              "pass": false,
              "fail": true,
              "pending": false,
              "context": null,
              "code": "//Testa login com dados errados, testa suas mensagens de erro de preenchimento  e depois testa com os dados corretos\ncy.get('#adopt-accept-all-button').click();\ncy.get('#novo_cpf').type(_PagMenosCriaçãoDeUsuario.cpfCadastrado); //insere cpf válido\ncy.get('[type=\"submit\"]').contains('Enviar').click({\n  force: true\n}); //clica em enviar\ncy.wait(1000);\ncy.get('#text-password').type('Senha', {\n  force: true\n}); //digita senha errada\ncy.get('#page--login > div > div > div > div > div > form > div.login-footer.d-flex.align-items-center.justify-content-center.flex-column > button').click({\n  force: true\n}); //clica em enviar\ncy.wait(500);\ncy.get('#modal-primary___BV_modal_body_ > div > div.row > div > div > svg').click({\n  force: true\n});\ncy.get('#text-password').clear().type('Senha123', {\n  force: true\n}); //digita senha correta\ncy.get('#page--login > div > div > div > div > div > form > div.login-footer.d-flex.align-items-center.justify-content-center.flex-column > button').click({\n  force: true\n}); //clica em enviar\n//Testa preenchimentos errados de dados de cupom e suas respectivas mensagens de erro \n//Valida Erro com CNPJ inválido\ncy.get('#cupo_cnpj').type('sdhsdh', {\n  force: true\n}).type('@@#$%¨&*', {\n  force: true\n}).type('123456', {\n  force: true\n}); //escreve cnpj inválido\ncy.get('#cupo_codigo').clear().type('16', {\n  force: true\n}); //escreve valor válido no cupom\ncy.get('#page--cadastro-cupom > section > form > div > div.row.d-flex.align-items-start.justify-content-center > div:nth-child(3) > div > div > div.vdp-datepicker > div:nth-child(1) > input').click({\n  force: true\n});\ncy.get('.cell.day.today').click({\n  force: true\n}); //escolhe data do dia atual no calendario\ncy.get('.vs__search').click({\n  force: true\n}); //habilita seleção de produto\ncy.get('#vs1__option-15').click({\n  force: true\n}); //seleciona produto\ncy.get('#cuit_quantidade0').clear().type('1', {\n  force: true\n}); //preenche corretamente a quantidade de produtos\ncy.get('input[type=\"file\"]#fileInput').selectFile('Nota Fiscal.jpg', {\n  force: true\n}); //insere imagem do cupom\ncy.wait(1000);\ncy.get('#page--cadastro-cupom > section > form > div > div.d-flex.align-items-center.justify-content-center.mt-4.col > button').click({\n  force: true\n}); //clica em finalizar\ncy.get('[class=\"error-form invalid-feedback\"]').should('be.visible'); //valida se aparece msg de erro no preenchimento\n//Valida Erro com Código de Cupom inválido \ncy.get('#cupo_cnpj').clear().type(_variables.randomCNPJ, {\n  force: true\n}); //escreve cnpj válido\ncy.get('#cupo_codigo').clear().type('sdfasdfasdf', {\n  force: true\n}).type('@!#@!$%#%¨&**', {\n  force: true\n}); //digita valor inválido no código de cupom\ncy.get('#page--cadastro-cupom > section > form > div > div.row.d-flex.align-items-start.justify-content-center > div:nth-child(3) > div > div > div.vdp-datepicker > div:nth-child(1) > input').click({\n  force: true\n});\ncy.get('.cell.day.today').click({\n  force: true\n}); //escolhe data do dia atual no calendario\ncy.get('.vs__search').click({\n  force: true\n}); //habilita seleção de produto\ncy.get('#vs1__option-15').click({\n  force: true\n}); //seleciona produto\ncy.get('#cuit_quantidade0').clear().type('1', {\n  force: true\n}); //preenche corretamente a quantidade de produtos\ncy.get('input[type=\"file\"]#fileInput').selectFile('Nota Fiscal.jpg', {\n  force: true\n}); //insere imagem do cupom\ncy.wait(1000);\ncy.get('#page--cadastro-cupom > section > form > div > div.d-flex.align-items-center.justify-content-center.mt-4.col > button').click({\n  force: true\n}); //clica em finalizar\ncy.get('[class=\"error-form invalid-feedback\"]').should('be.visible'); //valida se aparece msg de erro no preenchimento\n//Valida Erro Cupom valor '0'\ncy.get('#cupo_cnpj').clear().type(_variables.randomCNPJ, {\n  force: true\n}); //escreve cnpj válido\ncy.get('#cupo_codigo').clear().type('0', {\n  force: true\n}); //digita valor 0 no código de cupom\ncy.get('#page--cadastro-cupom > section > form > div > div.row.d-flex.align-items-start.justify-content-center > div:nth-child(3) > div > div > div.vdp-datepicker > div:nth-child(1) > input').click({\n  force: true\n});\ncy.get('.cell.day.today').click({\n  force: true\n}); //escolhe data do dia atual no calendario\ncy.get('.vs__search').click({\n  force: true\n}); //habilita seleção de produto\ncy.get('#vs1__option-15').click({\n  force: true\n}); //seleciona produto\ncy.get('#cuit_quantidade0').clear().type('1', {\n  force: true\n}); //preenche corretamente a quantidade de produtos\ncy.get('input[type=\"file\"]#fileInput').selectFile('Nota Fiscal.jpg', {\n  force: true\n}); //insere imagem do cupom\ncy.wait(1000);\ncy.get('#page--cadastro-cupom > section > form > div > div.d-flex.align-items-center.justify-content-center.mt-4.col > button').click({\n  force: true\n}); //clica em finalizar\ncy.get('[class=\"error-form invalid-feedback\"]').should('be.visible'); //valida se aparece msg de erro no preenchimento\n//Valida Erro em preenchimento Quantidade de Produtos Inválida\ncy.get('#cupo_cnpj').clear().type(_variables.randomCNPJ, {\n  force: true\n}); //escreve cnpj válido\ncy.get('#cupo_codigo').clear().type('16', {\n  force: true\n}); //escreve valor válido no cupom\ncy.get('#page--cadastro-cupom > section > form > div > div.row.d-flex.align-items-start.justify-content-center > div:nth-child(3) > div > div > div.vdp-datepicker > div:nth-child(1) > input').click({\n  force: true\n});\ncy.get('.cell.day.today').click({\n  force: true\n}); //escolhe data do dia atual no calendario\ncy.get('.vs__search').click({\n  force: true\n}); //habilita seleção de produto\ncy.get('#vs1__option-15').click({\n  force: true\n}); //seleciona produto\ncy.get('#cuit_quantidade0').clear().type('XXI', {\n  force: true\n}).type('****', {\n  force: true\n}).clear().type('0', {\n  force: true\n}); //escreve quantidade de produtos inválida\ncy.get('input[type=\"file\"]#fileInput').selectFile('Nota Fiscal.jpg', {\n  force: true\n}); //insere imagem do cupom\ncy.wait(1000);\ncy.get('#page--cadastro-cupom > section > form > div > div.d-flex.align-items-center.justify-content-center.mt-4.col > button').click({\n  force: true\n}); //clica em finalizar\ncy.get('#page--cadastro-cupom > section > form > div > div.row.row--add > div.mt-3.col-md-3.col-12 > div > div.error-form.error-back').should('be.visible'); //valida se aparece msg de erro no preenchimento\n//Valida erro em data de compra futura\ncy.get('#cupo_cnpj').clear().type(_variables.randomCNPJ, {\n  force: true\n}); //escreve cnpj válido\ncy.get('#cupo_codigo').clear().type('1', {\n  force: true\n}); //escreve valor válido no cupom\ncy.get('#page--cadastro-cupom > section > form > div > div.row.d-flex.align-items-start.justify-content-center > div:nth-child(3) > div > div > div.vdp-datepicker > div:nth-child(1) > input').click({\n  force: true\n});\ncy.get('#page--cadastro-cupom > section > form > div > div.row.d-flex.align-items-start.justify-content-center > div:nth-child(3) > div > div > div.vdp-datepicker > div:nth-child(2) > div > span:nth-child(38)').click({\n  force: true\n}); //escolhe data do dia 31 no calendario\ncy.get('.vs__search').click({\n  force: true\n}); //habilita seleção de produto\ncy.get('#vs1__option-15').click({\n  force: true\n}); //seleciona produto\ncy.get('#cuit_quantidade0').clear().type('1', {\n  force: true\n}); //preenche corretamente a quantidade de produtos\ncy.get('#page--cadastro-cupom > section > form > div > div.d-flex.align-items-center.justify-content-center.mt-4.col > button').click({\n  force: true\n}); //clica em finalizar\ncy.get('.error-back > span').should('be.visible'); //valida se aparece o erro da data futura\ncy.get('#page--cadastro-cupom > section > form > div > div.d-flex.align-items-center.justify-content-center.mt-4.col > button').click({\n  force: true\n}); //clica em finalizar\ncy.get('#modal-primary___BV_modal_body_ > div > div:nth-child(2) > div > div').should('be.visible').contains('Imagem do cupom obrigatória.'); //valida mensagem de erro da imagem do cupom faltante\ncy.wait(3000);\ncy.get('.bi-x').click({\n  force: true\n}); //clica no \"x\" e fecha mensagem de erro\ncy.wait(1000);",
              "err": {
                "message": "AssertionError: Timed out retrying after 4000ms: Expected to find element: `#adopt-accept-all-button`, but never found it.",
                "estack": "AssertionError: Timed out retrying after 4000ms: Expected to find element: `#adopt-accept-all-button`, but never found it.\n    at Context.eval (https://homologd.encinterativa.com.br/__cypress/tests?p=cypress\\integration\\PagMenosCupom.spec.js:341:8)",
                "diff": null
              },
              "uuid": "cef95991-c3b2-47f8-818b-4c249c032252",
              "parentUUID": "c9284bd2-e9ab-4ea2-bd65-d49fb89fe021",
              "isHook": false,
              "skipped": false
            },
            {
              "title": "Inscreve Cupom corretamente",
              "fullTitle": "Teste PagMenos Inscreve Cupom corretamente",
              "timedOut": null,
              "duration": 4323,
              "state": "failed",
              "speed": null,
              "pass": false,
              "fail": true,
              "pending": false,
              "context": null,
              "code": "cy.get('body > div.enc--wrapper > div.page--cupom-sucesso.page-internas > div > div.row.row-btn > button').click({\n  force: true\n}); //clica em cadastrar cupom\n// cy.get('#novo_cpf').type(cpfCadastrado)//insere cpf válido\n// cy.get('[type=\"submit\"]').contains('Enviar').click({force:true})//clica em enviar\n// cy.wait(1000)\n// cy.get('#text-password').clear().type('Senha123', {force:true})//digita senha correta\n// cy.get('#page--login > div > div > div > div > div > form > div.login-footer.d-flex.align-items-center.justify-content-center.flex-column > button').click({force:true})//clica em enviar\ncy.get('#cupo_cnpj').type('06.626.253/0144-54', {\n  force: true\n}); //escreve cnpj válido\ncy.get('#cupo_codigo').type(_variables.randomCupom, {\n  force: true\n}); //escreve valor válido no cupom\ncy.get('body > div.enc--wrapper > div.page--cadastro-cupom.page-internas > div > form > div > div:nth-child(2) > div:nth-child(3) > div > div > div:nth-child(1) > input').click({\n  force: true\n});\ncy.get('.cell.day.today').click({\n  force: true\n}); //escolhe data do dia atual no calendario\ncy.get('#vs4__combobox > div.vs__selected-options > input').click({\n  force: true\n}); //habilita seleção de categoria\ncy.get('#vs4__option-4').click({\n  force: true\n}); //seleciona produto\ncy.wait(1000);\ncy.get('#vs5__combobox > div.vs__selected-options > input').click({\n  force: true\n}); //seleciona campo de produto\ncy.get('#vs5__option-1').click({\n  force: true\n}); //seleciona variação de produto\ncy.get('#cuit_quantidade0').type('1', {\n  force: true\n}); //preenche corretamente a quantidade de produtos\ncy.get('#cuit_valor0').type('25,00', {\n  force: true\n}); //preenche corretamente o valor do produto\ncy.get('input[type=\"file\"]#fileInput').selectFile('Nota Fiscal.jpg', {\n  force: true\n}); //insere imagem do cupom\ncy.wait(1000);\ncy.get('body > div.enc--wrapper > div.page--cadastro-cupom.page-internas > div > form > div > div:nth-child(6) > div > button').click({\n  force: true\n}); //clica em finalizar",
              "err": {
                "message": "AssertionError: Timed out retrying after 4000ms: Expected to find element: `#cupo_cnpj`, but never found it.",
                "estack": "AssertionError: Timed out retrying after 4000ms: Expected to find element: `#cupo_cnpj`, but never found it.\n    at Context.eval (https://homologd.encinterativa.com.br/__cypress/tests?p=cypress\\integration\\PagMenosCupom.spec.js:593:8)",
                "diff": null
              },
              "uuid": "5a4434d9-e238-4b65-9bd8-58569aaf453a",
              "parentUUID": "c9284bd2-e9ab-4ea2-bd65-d49fb89fe021",
              "isHook": false,
              "skipped": false
            }
          ],
          "suites": [],
          "passes": [],
          "failures": [
            "cef95991-c3b2-47f8-818b-4c249c032252",
            "5a4434d9-e238-4b65-9bd8-58569aaf453a"
          ],
          "pending": [],
          "skipped": [],
          "duration": 8648,
          "root": false,
          "rootEmpty": false,
          "_timeout": 2000
        }
      ],
      "passes": [],
      "failures": [],
      "pending": [],
      "skipped": [],
      "duration": 0,
      "root": true,
      "rootEmpty": true,
      "_timeout": 2000
    }
  ],
  "meta": {
    "mocha": {
      "version": "7.0.1"
    },
    "mochawesome": {
      "options": {
        "quiet": false,
        "reportFilename": "mochawesome",
        "saveHtml": false,
        "saveJson": true,
        "consoleReporter": "spec",
        "useInlineDiffs": false,
        "code": true
      },
      "version": "7.1.3"
    },
    "marge": {
      "options": {
        "reportDir": "cypress\\reports\\.jsons",
        "overwrite": false,
        "html": false,
        "json": true
      },
      "version": "6.2.0"
    }
  }
}